<?xml version="1.0" encoding="utf-8"?><testsuites name="pytest tests"><testsuite name="pytest" errors="0" failures="0" skipped="2" tests="43" time="58.705" timestamp="2026-09-20T07:51:02.987448+00:00" hostname="agent-env-68f29cb4-641a-4696-a046-ff247fc57c55"><testcase classname="tests.backend_test" name="test_health" time="0.194" /><testcase classname="tests.backend_test.TestAIOffline" name="test_status_not_configured" time="0.390" /><testcase classname="tests.backend_test" name="test_content_endpoints[/content/tracks-tracks]" time="0.310" /><testcase classname="tests.backend_test.TestAIOffline" name="test_tutor_fallback" time="0.114" /><testcase classname="tests.backend_test.TestAIOffline" name="test_roadmap_persist" time="0.241" /><testcase classname="tests.backend_test" name="test_content_endpoints[/content/dsa/sheets-sheets]" time="0.127" /><testcase classname="tests.backend_test" name="test_content_endpoints[/content/dsa/problems-problems]" time="0.115" /><testcase classname="tests.backend_test.TestAIOffline" name="test_quiz_generate" time="0.120" /><testcase classname="tests.backend_test" name="test_content_endpoints[/content/system-design-topics]" time="0.115" /><testcase classname="tests.backend_test" name="test_content_endpoints[/content/placement/companies-companies]" time="0.142" /><testcase classname="tests.backend_test.TestAIOffline" name="test_flashcards_generate" time="0.122" /><testcase classname="tests.backend_test.TestAIOffline" name="test_study_plan_generate" time="0.130" /><testcase classname="tests.backend_test" name="test_content_endpoints[/content/aptitude-categories]" time="5.231" /><testcase classname="tests.backend_test.TestAIOffline" name="test_resume_analysis" time="19.724" /><testcase classname="tests.backend_test" name="test_content_endpoints[/content/quickrev-resources]" time="0.131" /><testcase classname="tests.backend_test" name="test_content_endpoints[/content/future-path-paths]" time="0.115" /><testcase classname="tests.backend_test" name="test_track_detail" time="4.383" /><testcase classname="tests.backend_test" name="test_search" time="0.129" /><testcase classname="tests.backend_test.TestAuth" name="test_register_student" time="0.189" /><testcase classname="tests.backend_test.TestAuth" name="test_register_teacher" time="0.195" /><testcase classname="tests.backend_test.TestAuth" name="test_login_seeded" time="3.699" /><testcase classname="tests.backend_test.TestAuth" name="test_login_invalid" time="30.212" /><testcase classname="tests.backend_test.TestAIOffline" name="test_interview_questions" time="0.145" /><testcase classname="tests.backend_test.TestAIOffline" name="test_interview_feedback" time="36.227" /><testcase classname="tests.backend_test.TestAuth" name="test_me" time="0.178" /><testcase classname="tests.backend_test.TestAuth" name="test_update_profile" time="0.246" /><testcase classname="tests.backend_test.TestCourses" name="test_list_courses" time="0.125" /><testcase classname="tests.backend_test.TestCourses" name="test_enroll" time="0.119" /><testcase classname="tests.backend_test.TestCourses" name="test_complete_topic" time="0.000"><skipped type="pytest.skip" message="No topic id">/app/backend/tests/backend_test.py:140: No topic id</skipped></testcase><testcase classname="tests.backend_test.TestInstructorRBAC" name="test_student_forbidden" time="0.114" /><testcase classname="tests.backend_test.TestInstructorRBAC" name="test_teacher_dashboard" time="0.302" /><testcase classname="tests.backend_test.TestInstructorRBAC" name="test_teacher_create_course_and_topic" time="0.237" /><testcase classname="tests.backend_test.TestQuizzes" name="test_submit_quiz" time="0.000"><skipped type="pytest.skip" message="no quiz">/app/backend/tests/backend_test.py:213: no quiz</skipped></testcase><testcase classname="tests.backend_test.TestFlashcards" name="test_due_and_review" time="0.238" /><testcase classname="tests.backend_test.TestStudyPlanner" name="test_generate_and_toggle" time="0.242" /><testcase classname="tests.backend_test.TestPremium" name="test_list_and_purchase" time="0.667" /><testcase classname="tests.backend_test.TestResumes" name="test_create_and_get" time="0.237" /><testcase classname="tests.backend_test.TestResources" name="test_create_and_delete" time="0.252" /><testcase classname="tests.backend_test.TestAIOffline" name="test_doc_qa" time="0.143" /><testcase classname="tests.backend_test.TestDashboardGamification" name="test_dashboard" time="0.131" /><testcase classname="tests.backend_test.TestDashboardGamification" name="test_session_awards_xp" time="0.329" /><testcase classname="tests.backend_test.TestDashboardGamification" name="test_achievements" time="0.125" /><testcase classname="tests.backend_test.TestDashboardGamification" name="test_leaderboard" time="0.115" /></testsuite></testsuites>